2021-12-16 13:29:35.054  INFO 4088 --- [restartedMain] c.example.demo.SpringprojectApplication  : Starting SpringprojectApplication using Java 17 on 192.168.1.35 with PID 4088 (/Users/brilworks-mac3/eclipse-workspace/springproject2/target/classes started by brilworks-mac3 in /Users/brilworks-mac3/eclipse-workspace/springproject2)
2021-12-16 13:29:35.059  INFO 4088 --- [restartedMain] c.example.demo.SpringprojectApplication  : No active profile set, falling back to default profiles: default
2021-12-16 13:29:35.114  INFO 4088 --- [restartedMain] .e.DevToolsPropertyDefaultsPostProcessor : Devtools property defaults active! Set 'spring.devtools.add-properties' to 'false' to disable
2021-12-16 13:29:35.115  INFO 4088 --- [restartedMain] .e.DevToolsPropertyDefaultsPostProcessor : For additional web related logging consider setting the 'logging.level.web' property to 'DEBUG'
2021-12-16 13:29:35.794  INFO 4088 --- [restartedMain] .s.d.r.c.RepositoryConfigurationDelegate : Bootstrapping Spring Data JPA repositories in DEFAULT mode.
2021-12-16 13:29:35.855  INFO 4088 --- [restartedMain] .s.d.r.c.RepositoryConfigurationDelegate : Finished Spring Data repository scanning in 56 ms. Found 2 JPA repository interfaces.
2021-12-16 13:29:36.415  INFO 4088 --- [restartedMain] o.s.b.w.embedded.tomcat.TomcatWebServer  : Tomcat initialized with port(s): 8080 (http)
2021-12-16 13:29:36.422  INFO 4088 --- [restartedMain] o.apache.catalina.core.StandardService   : Starting service [Tomcat]
2021-12-16 13:29:36.422  INFO 4088 --- [restartedMain] org.apache.catalina.core.StandardEngine  : Starting Servlet engine: [Apache Tomcat/9.0.53]
2021-12-16 13:29:36.484  INFO 4088 --- [restartedMain] o.a.c.c.C.[Tomcat].[localhost].[/]       : Initializing Spring embedded WebApplicationContext
2021-12-16 13:29:36.486  INFO 4088 --- [restartedMain] w.s.c.ServletWebServerApplicationContext : Root WebApplicationContext: initialization completed in 1371 ms
2021-12-16 13:29:36.606  INFO 4088 --- [restartedMain] o.hibernate.jpa.internal.util.LogHelper  : HHH000204: Processing PersistenceUnitInfo [name: default]
2021-12-16 13:29:36.634  INFO 4088 --- [restartedMain] org.hibernate.Version                    : HHH000412: Hibernate ORM core version 5.4.32.Final
2021-12-16 13:29:36.707  INFO 4088 --- [restartedMain] o.hibernate.annotations.common.Version   : HCANN000001: Hibernate Commons Annotations {5.1.2.Final}
2021-12-16 13:29:36.759  INFO 4088 --- [restartedMain] com.zaxxer.hikari.HikariDataSource       : HikariPool-1 - Starting...
2021-12-16 13:29:37.158  INFO 4088 --- [restartedMain] com.zaxxer.hikari.HikariDataSource       : HikariPool-1 - Start completed.
2021-12-16 13:29:37.172  INFO 4088 --- [restartedMain] org.hibernate.dialect.Dialect            : HHH000400: Using dialect: org.hibernate.dialect.MySQL55Dialect
2021-12-16 13:29:37.678  INFO 4088 --- [restartedMain] o.h.e.t.j.p.i.JtaPlatformInitiator       : HHH000490: Using JtaPlatform implementation: [org.hibernate.engine.transaction.jta.platform.internal.NoJtaPlatform]
2021-12-16 13:29:37.683  INFO 4088 --- [restartedMain] j.LocalContainerEntityManagerFactoryBean : Initialized JPA EntityManagerFactory for persistence unit 'default'
2021-12-16 13:29:38.307  INFO 4088 --- [restartedMain] o.s.b.d.a.OptionalLiveReloadServer       : LiveReload server is running on port 35729
2021-12-16 13:29:38.339  INFO 4088 --- [restartedMain] o.s.b.w.embedded.tomcat.TomcatWebServer  : Tomcat started on port(s): 8080 (http) with context path ''
2021-12-16 13:29:38.361  INFO 4088 --- [restartedMain] c.example.demo.SpringprojectApplication  : Started SpringprojectApplication in 3.665 seconds (JVM running for 4.355)
2021-12-16 13:30:38.168  INFO 4088 --- [http-nio-8080-exec-2] o.a.c.c.C.[Tomcat].[localhost].[/]       : Initializing Spring DispatcherServlet 'dispatcherServlet'
2021-12-16 13:30:38.169  INFO 4088 --- [http-nio-8080-exec-2] o.s.web.servlet.DispatcherServlet        : Initializing Servlet 'dispatcherServlet'
2021-12-16 13:30:38.171  INFO 4088 --- [http-nio-8080-exec-2] o.s.web.servlet.DispatcherServlet        : Completed initialization in 2 ms
2021-12-16 13:30:38.237  INFO 4088 --- [http-nio-8080-exec-2] c.example.demo.service.AuthorServiceImp  : inside getAuthorById method
2021-12-16 13:30:43.861  INFO 4088 --- [http-nio-8080-exec-3] c.example.demo.service.AuthorServiceImp  : inside getAllAuthor method
2021-12-16 13:33:20.215  INFO 4088 --- [http-nio-8080-exec-6] com.example.demo.service.BookServiceImp  : inside setBook method
2021-12-16 13:33:20.262  INFO 4088 --- [http-nio-8080-exec-6] com.example.demo.service.BookServiceImp  : book saved sucessfully
2021-12-16 13:33:57.557  INFO 4088 --- [http-nio-8080-exec-7] com.example.demo.service.BookServiceImp  : inside updateBook method
2021-12-16 13:33:57.589  WARN 4088 --- [http-nio-8080-exec-7] .m.m.a.ExceptionHandlerExceptionResolver : Resolved [com.example.demo.exception.CustomException: authorId not found]
2021-12-16 13:35:42.969  WARN 4088 --- [http-nio-8080-exec-9] .m.m.a.ExceptionHandlerExceptionResolver : Resolved [org.springframework.http.converter.HttpMessageNotReadableException: JSON parse error: Cannot deserialize value of type `com.example.demo.enumeration.BookType` from String "HORROR": not one of the values accepted for Enum class: [Encyclopedia, Autobiography, Fantasy, Drama, Horror, ScienceFiction, Philosophy, Crime, Biography, Poetry, Thriller, Suspense, Fairytale, Romance, Historical, LiteraryFiction, Comic, Mystery]; nested exception is com.fasterxml.jackson.databind.exc.InvalidFormatException: Cannot deserialize value of type `com.example.demo.enumeration.BookType` from String "HORROR": not one of the values accepted for Enum class: [Encyclopedia, Autobiography, Fantasy, Drama, Horror, ScienceFiction, Philosophy, Crime, Biography, Poetry, Thriller, Suspense, Fairytale, Romance, Historical, LiteraryFiction, Comic, Mystery]
 at [Source: (PushbackInputStream); line: 3, column: 14] (through reference chain: com.example.demo.dto.BookDto["genres"])]
2021-12-16 13:35:54.506  INFO 4088 --- [http-nio-8080-exec-1] com.example.demo.service.BookServiceImp  : inside updateBook method
